1 [SwanLab-INFO]:        Experiment handwriting_recognition_Feb27_22-56-59 has been registered.
2 [SwanLab-INFO]:        Run data will be saved locally in D:\code\python\handWrting_recognition\logs\run-20240227_225659-a0aa0619
3 [SwanLab-INFO]:        Experiment_name: handwriting_recognition_Feb27_22-56-59
4 [SwanLab-INFO]:        Run `swanlab watch` to view SwanLab Experiment Dashboard
5 
6 Test set: Avg. loss: 2.3316, Accuracy: 1137/10000 (11%)
7 
8 Train Epoch: 1 [0/60000 (0%)]	Loss: 2.360447
9 Train Epoch: 1 [640/60000 (1%)]	Loss: 2.364010
10 Train Epoch: 1 [1280/60000 (2%)]	Loss: 2.329987
11 Train Epoch: 1 [1920/60000 (3%)]	Loss: 2.249067
12 Train Epoch: 1 [2560/60000 (4%)]	Loss: 2.288059
13 Train Epoch: 1 [3200/60000 (5%)]	Loss: 2.218085
14 Train Epoch: 1 [3840/60000 (6%)]	Loss: 2.214215
15 Train Epoch: 1 [4480/60000 (7%)]	Loss: 2.111192
16 Train Epoch: 1 [5120/60000 (9%)]	Loss: 2.092593
17 Train Epoch: 1 [5760/60000 (10%)]	Loss: 1.989863
18 Train Epoch: 1 [6400/60000 (11%)]	Loss: 1.911151
19 Train Epoch: 1 [7040/60000 (12%)]	Loss: 1.659503
20 Train Epoch: 1 [7680/60000 (13%)]	Loss: 1.869479
21 Train Epoch: 1 [8320/60000 (14%)]	Loss: 1.660094
22 Train Epoch: 1 [8960/60000 (15%)]	Loss: 1.577335
23 Train Epoch: 1 [9600/60000 (16%)]	Loss: 1.550470
24 Train Epoch: 1 [10240/60000 (17%)]	Loss: 1.304469
25 Train Epoch: 1 [10880/60000 (18%)]	Loss: 1.408615
26 Train Epoch: 1 [11520/60000 (19%)]	Loss: 1.306856
27 Train Epoch: 1 [12160/60000 (20%)]	Loss: 1.171409
28 Train Epoch: 1 [12800/60000 (21%)]	Loss: 1.161343
29 Train Epoch: 1 [13440/60000 (22%)]	Loss: 1.056499
30 Train Epoch: 1 [14080/60000 (23%)]	Loss: 0.973541
31 Train Epoch: 1 [14720/60000 (25%)]	Loss: 0.991863
32 Train Epoch: 1 [15360/60000 (26%)]	Loss: 0.873314
33 Train Epoch: 1 [16000/60000 (27%)]	Loss: 1.113441
34 Train Epoch: 1 [16640/60000 (28%)]	Loss: 0.848279
35 Train Epoch: 1 [17280/60000 (29%)]	Loss: 1.084986
36 Train Epoch: 1 [17920/60000 (30%)]	Loss: 0.938582
37 Train Epoch: 1 [18560/60000 (31%)]	Loss: 0.943429
38 Train Epoch: 1 [19200/60000 (32%)]	Loss: 0.985690
39 Train Epoch: 1 [19840/60000 (33%)]	Loss: 0.935718
40 Train Epoch: 1 [20480/60000 (34%)]	Loss: 0.902402
41 Train Epoch: 1 [21120/60000 (35%)]	Loss: 0.705810
42 Train Epoch: 1 [21760/60000 (36%)]	Loss: 0.700002
43 Train Epoch: 1 [22400/60000 (37%)]	Loss: 0.879337
44 Train Epoch: 1 [23040/60000 (38%)]	Loss: 0.977715
45 Train Epoch: 1 [23680/60000 (39%)]	Loss: 0.857697
46 Train Epoch: 1 [24320/60000 (41%)]	Loss: 0.914633
47 Train Epoch: 1 [24960/60000 (42%)]	Loss: 0.530646
48 Train Epoch: 1 [25600/60000 (43%)]	Loss: 0.625224
49 Train Epoch: 1 [26240/60000 (44%)]	Loss: 0.800524
50 Train Epoch: 1 [26880/60000 (45%)]	Loss: 0.853250
51 Train Epoch: 1 [27520/60000 (46%)]	Loss: 0.571153
52 Train Epoch: 1 [28160/60000 (47%)]	Loss: 0.705145
53 Train Epoch: 1 [28800/60000 (48%)]	Loss: 0.743542
54 Train Epoch: 1 [29440/60000 (49%)]	Loss: 0.574608
55 Train Epoch: 1 [30080/60000 (50%)]	Loss: 0.450840
56 Train Epoch: 1 [30720/60000 (51%)]	Loss: 0.528847
57 Train Epoch: 1 [31360/60000 (52%)]	Loss: 0.618648
58 Train Epoch: 1 [32000/60000 (53%)]	Loss: 0.594034
59 Train Epoch: 1 [32640/60000 (54%)]	Loss: 0.563724
60 Train Epoch: 1 [33280/60000 (55%)]	Loss: 0.651089
61 Train Epoch: 1 [33920/60000 (57%)]	Loss: 0.476218
62 Train Epoch: 1 [34560/60000 (58%)]	Loss: 0.726304
63 Train Epoch: 1 [35200/60000 (59%)]	Loss: 0.656388
64 Train Epoch: 1 [35840/60000 (60%)]	Loss: 0.544313
65 Train Epoch: 1 [36480/60000 (61%)]	Loss: 0.445531
66 Train Epoch: 1 [37120/60000 (62%)]	Loss: 0.543136
67 Train Epoch: 1 [37760/60000 (63%)]	Loss: 0.580625
68 Train Epoch: 1 [38400/60000 (64%)]	Loss: 0.693503
69 Train Epoch: 1 [39040/60000 (65%)]	Loss: 0.780350
70 Train Epoch: 1 [39680/60000 (66%)]	Loss: 0.468650
71 Train Epoch: 1 [40320/60000 (67%)]	Loss: 0.548829
72 Train Epoch: 1 [40960/60000 (68%)]	Loss: 0.527584
73 Train Epoch: 1 [41600/60000 (69%)]	Loss: 0.693224
74 Train Epoch: 1 [42240/60000 (70%)]	Loss: 0.445108
75 Train Epoch: 1 [42880/60000 (71%)]	Loss: 0.542102
76 Train Epoch: 1 [43520/60000 (72%)]	Loss: 0.651921
77 Train Epoch: 1 [44160/60000 (74%)]	Loss: 0.462388
78 Train Epoch: 1 [44800/60000 (75%)]	Loss: 0.589014
79 Train Epoch: 1 [45440/60000 (76%)]	Loss: 0.451089
80 Train Epoch: 1 [46080/60000 (77%)]	Loss: 0.520834
81 Train Epoch: 1 [46720/60000 (78%)]	Loss: 0.483092
82 Train Epoch: 1 [47360/60000 (79%)]	Loss: 0.643162
83 Train Epoch: 1 [48000/60000 (80%)]	Loss: 0.609955
84 Train Epoch: 1 [48640/60000 (81%)]	Loss: 0.481151
85 Train Epoch: 1 [49280/60000 (82%)]	Loss: 0.576701
86 Train Epoch: 1 [49920/60000 (83%)]	Loss: 0.349968
87 Train Epoch: 1 [50560/60000 (84%)]	Loss: 0.433712
88 Train Epoch: 1 [51200/60000 (85%)]	Loss: 0.837134
89 Train Epoch: 1 [51840/60000 (86%)]	Loss: 0.487180
90 Train Epoch: 1 [52480/60000 (87%)]	Loss: 0.410352
91 Train Epoch: 1 [53120/60000 (88%)]	Loss: 0.485998
92 Train Epoch: 1 [53760/60000 (90%)]	Loss: 0.521834
93 Train Epoch: 1 [54400/60000 (91%)]	Loss: 0.284845
94 Train Epoch: 1 [55040/60000 (92%)]	Loss: 0.493863
95 Train Epoch: 1 [55680/60000 (93%)]	Loss: 0.343260
96 Train Epoch: 1 [56320/60000 (94%)]	Loss: 0.771944
97 Train Epoch: 1 [56960/60000 (95%)]	Loss: 0.416638
98 Train Epoch: 1 [57600/60000 (96%)]	Loss: 0.332516
99 Train Epoch: 1 [58240/60000 (97%)]	Loss: 0.480299
100 Train Epoch: 1 [58880/60000 (98%)]	Loss: 0.559716
101 Train Epoch: 1 [59520/60000 (99%)]	Loss: 0.377216
102 
103 Test set: Avg. loss: 0.2004, Accuracy: 9383/10000 (94%)
104 
105 Train Epoch: 2 [0/60000 (0%)]	Loss: 0.453405
106 Train Epoch: 2 [640/60000 (1%)]	Loss: 0.406865
107 Train Epoch: 2 [1280/60000 (2%)]	Loss: 0.310068
108 Train Epoch: 2 [1920/60000 (3%)]	Loss: 0.379041
109 Train Epoch: 2 [2560/60000 (4%)]	Loss: 0.312156
110 Train Epoch: 2 [3200/60000 (5%)]	Loss: 0.893754
111 Train Epoch: 2 [3840/60000 (6%)]	Loss: 0.324368
112 Train Epoch: 2 [4480/60000 (7%)]	Loss: 0.500471
113 Train Epoch: 2 [5120/60000 (9%)]	Loss: 0.495286
114 Train Epoch: 2 [5760/60000 (10%)]	Loss: 0.476620
115 Train Epoch: 2 [6400/60000 (11%)]	Loss: 0.508883
116 Train Epoch: 2 [7040/60000 (12%)]	Loss: 0.470581
117 Train Epoch: 2 [7680/60000 (13%)]	Loss: 0.298973
118 Train Epoch: 2 [8320/60000 (14%)]	Loss: 0.380970
119 Train Epoch: 2 [8960/60000 (15%)]	Loss: 0.414226
120 Train Epoch: 2 [9600/60000 (16%)]	Loss: 0.555448
121 Train Epoch: 2 [10240/60000 (17%)]	Loss: 0.671266
122 Train Epoch: 2 [10880/60000 (18%)]	Loss: 0.372551
123 Train Epoch: 2 [11520/60000 (19%)]	Loss: 0.343429
124 Train Epoch: 2 [12160/60000 (20%)]	Loss: 0.464394
125 Train Epoch: 2 [12800/60000 (21%)]	Loss: 0.506134
126 Train Epoch: 2 [13440/60000 (22%)]	Loss: 0.430604
127 Train Epoch: 2 [14080/60000 (23%)]	Loss: 0.624670
128 Train Epoch: 2 [14720/60000 (25%)]	Loss: 0.483750
129 Train Epoch: 2 [15360/60000 (26%)]	Loss: 0.464299
130 Train Epoch: 2 [16000/60000 (27%)]	Loss: 0.351341
131 Train Epoch: 2 [16640/60000 (28%)]	Loss: 0.586489
132 Train Epoch: 2 [17280/60000 (29%)]	Loss: 0.474212
133 Train Epoch: 2 [17920/60000 (30%)]	Loss: 0.349868
134 Train Epoch: 2 [18560/60000 (31%)]	Loss: 0.542208
135 Train Epoch: 2 [19200/60000 (32%)]	Loss: 0.515834
136 Train Epoch: 2 [19840/60000 (33%)]	Loss: 0.340739
137 Train Epoch: 2 [20480/60000 (34%)]	Loss: 0.310833
138 Train Epoch: 2 [21120/60000 (35%)]	Loss: 0.448494
139 Train Epoch: 2 [21760/60000 (36%)]	Loss: 0.570930
140 Train Epoch: 2 [22400/60000 (37%)]	Loss: 0.298958
141 Train Epoch: 2 [23040/60000 (38%)]	Loss: 0.283807
142 Train Epoch: 2 [23680/60000 (39%)]	Loss: 0.545738
143 Train Epoch: 2 [24320/60000 (41%)]	Loss: 0.344209
144 Train Epoch: 2 [24960/60000 (42%)]	Loss: 0.433725
145 Train Epoch: 2 [25600/60000 (43%)]	Loss: 0.400190
146 Train Epoch: 2 [26240/60000 (44%)]	Loss: 0.368902
147 Train Epoch: 2 [26880/60000 (45%)]	Loss: 0.406776
148 Train Epoch: 2 [27520/60000 (46%)]	Loss: 0.237868
149 Train Epoch: 2 [28160/60000 (47%)]	Loss: 0.283385
150 Train Epoch: 2 [28800/60000 (48%)]	Loss: 0.303675
151 Train Epoch: 2 [29440/60000 (49%)]	Loss: 0.299543
152 Train Epoch: 2 [30080/60000 (50%)]	Loss: 0.368597
153 Train Epoch: 2 [30720/60000 (51%)]	Loss: 0.442721
154 Train Epoch: 2 [31360/60000 (52%)]	Loss: 0.345357
155 Train Epoch: 2 [32000/60000 (53%)]	Loss: 0.532508
156 Train Epoch: 2 [32640/60000 (54%)]	Loss: 0.440802
157 Train Epoch: 2 [33280/60000 (55%)]	Loss: 0.332530
158 Train Epoch: 2 [33920/60000 (57%)]	Loss: 0.437082
159 Train Epoch: 2 [34560/60000 (58%)]	Loss: 0.590028
160 Train Epoch: 2 [35200/60000 (59%)]	Loss: 0.283043
161 Train Epoch: 2 [35840/60000 (60%)]	Loss: 0.160584
162 Train Epoch: 2 [36480/60000 (61%)]	Loss: 0.308578
163 Train Epoch: 2 [37120/60000 (62%)]	Loss: 0.409238
164 Train Epoch: 2 [37760/60000 (63%)]	Loss: 0.448465
165 Train Epoch: 2 [38400/60000 (64%)]	Loss: 0.360173
166 Train Epoch: 2 [39040/60000 (65%)]	Loss: 0.366823
167 Train Epoch: 2 [39680/60000 (66%)]	Loss: 0.372807
168 Train Epoch: 2 [40320/60000 (67%)]	Loss: 0.381366
169 Train Epoch: 2 [40960/60000 (68%)]	Loss: 0.384841
170 Train Epoch: 2 [41600/60000 (69%)]	Loss: 0.232070
171 Train Epoch: 2 [42240/60000 (70%)]	Loss: 0.271348
172 Train Epoch: 2 [42880/60000 (71%)]	Loss: 0.396293
173 Train Epoch: 2 [43520/60000 (72%)]	Loss: 0.238804
174 Train Epoch: 2 [44160/60000 (74%)]	Loss: 0.295323
175 Train Epoch: 2 [44800/60000 (75%)]	Loss: 0.286949
176 Train Epoch: 2 [45440/60000 (76%)]	Loss: 0.146803
177 Train Epoch: 2 [46080/60000 (77%)]	Loss: 0.362021
178 Train Epoch: 2 [46720/60000 (78%)]	Loss: 0.399500
179 Train Epoch: 2 [47360/60000 (79%)]	Loss: 0.449490
180 Train Epoch: 2 [48000/60000 (80%)]	Loss: 0.311190
181 Train Epoch: 2 [48640/60000 (81%)]	Loss: 0.280504
182 Train Epoch: 2 [49280/60000 (82%)]	Loss: 0.277410
183 Train Epoch: 2 [49920/60000 (83%)]	Loss: 0.297833
184 Train Epoch: 2 [50560/60000 (84%)]	Loss: 0.253618
185 Train Epoch: 2 [51200/60000 (85%)]	Loss: 0.398768
186 Train Epoch: 2 [51840/60000 (86%)]	Loss: 0.375773
187 Train Epoch: 2 [52480/60000 (87%)]	Loss: 0.232125
188 Train Epoch: 2 [53120/60000 (88%)]	Loss: 0.422566
189 Train Epoch: 2 [53760/60000 (90%)]	Loss: 0.365594
190 Train Epoch: 2 [54400/60000 (91%)]	Loss: 0.353055
191 Train Epoch: 2 [55040/60000 (92%)]	Loss: 0.244270
192 Train Epoch: 2 [55680/60000 (93%)]	Loss: 0.294577
193 Train Epoch: 2 [56320/60000 (94%)]	Loss: 0.312026
194 Train Epoch: 2 [56960/60000 (95%)]	Loss: 0.279115
195 Train Epoch: 2 [57600/60000 (96%)]	Loss: 0.337304
196 Train Epoch: 2 [58240/60000 (97%)]	Loss: 0.347044
197 Train Epoch: 2 [58880/60000 (98%)]	Loss: 0.155893
198 Train Epoch: 2 [59520/60000 (99%)]	Loss: 0.482866
199 
200 Test set: Avg. loss: 0.1257, Accuracy: 9607/10000 (96%)
201 
202 Train Epoch: 3 [0/60000 (0%)]	Loss: 0.214288
203 Train Epoch: 3 [640/60000 (1%)]	Loss: 0.216691
204 Train Epoch: 3 [1280/60000 (2%)]	Loss: 0.253541
205 Train Epoch: 3 [1920/60000 (3%)]	Loss: 0.189689
206 Train Epoch: 3 [2560/60000 (4%)]	Loss: 0.285606
207 Train Epoch: 3 [3200/60000 (5%)]	Loss: 0.336358
208 Train Epoch: 3 [3840/60000 (6%)]	Loss: 0.336619
209 Train Epoch: 3 [4480/60000 (7%)]	Loss: 0.360806
210 Train Epoch: 3 [5120/60000 (9%)]	Loss: 0.229882
211 Train Epoch: 3 [5760/60000 (10%)]	Loss: 0.231632
212 Train Epoch: 3 [6400/60000 (11%)]	Loss: 0.183842
213 Train Epoch: 3 [7040/60000 (12%)]	Loss: 0.342391
214 Train Epoch: 3 [7680/60000 (13%)]	Loss: 0.153038
215 Train Epoch: 3 [8320/60000 (14%)]	Loss: 0.341735
216 Train Epoch: 3 [8960/60000 (15%)]	Loss: 0.123334
217 Train Epoch: 3 [9600/60000 (16%)]	Loss: 0.275655
218 Train Epoch: 3 [10240/60000 (17%)]	Loss: 0.665569
219 Train Epoch: 3 [10880/60000 (18%)]	Loss: 0.521686
220 Train Epoch: 3 [11520/60000 (19%)]	Loss: 0.513260
221 Train Epoch: 3 [12160/60000 (20%)]	Loss: 0.195403
222 Train Epoch: 3 [12800/60000 (21%)]	Loss: 0.239266
223 Train Epoch: 3 [13440/60000 (22%)]	Loss: 0.170668
224 Train Epoch: 3 [14080/60000 (23%)]	Loss: 0.390287
225 Train Epoch: 3 [14720/60000 (25%)]	Loss: 0.208679
226 Train Epoch: 3 [15360/60000 (26%)]	Loss: 0.305506
227 Train Epoch: 3 [16000/60000 (27%)]	Loss: 0.365945
228 Train Epoch: 3 [16640/60000 (28%)]	Loss: 0.381129
229 Train Epoch: 3 [17280/60000 (29%)]	Loss: 0.355595
230 Train Epoch: 3 [17920/60000 (30%)]	Loss: 0.203850
231 Train Epoch: 3 [18560/60000 (31%)]	Loss: 0.309043
232 Train Epoch: 3 [19200/60000 (32%)]	Loss: 0.260047
233 Train Epoch: 3 [19840/60000 (33%)]	Loss: 0.180513
234 Train Epoch: 3 [20480/60000 (34%)]	Loss: 0.270569
235 Train Epoch: 3 [21120/60000 (35%)]	Loss: 0.273200
236 Train Epoch: 3 [21760/60000 (36%)]	Loss: 0.321007
237 Train Epoch: 3 [22400/60000 (37%)]	Loss: 0.263584
238 Train Epoch: 3 [23040/60000 (38%)]	Loss: 0.566623
239 Train Epoch: 3 [23680/60000 (39%)]	Loss: 0.450755
240 Train Epoch: 3 [24320/60000 (41%)]	Loss: 0.428216
241 Train Epoch: 3 [24960/60000 (42%)]	Loss: 0.467442
242 Train Epoch: 3 [25600/60000 (43%)]	Loss: 0.166521
243 Train Epoch: 3 [26240/60000 (44%)]	Loss: 0.221110
244 Train Epoch: 3 [26880/60000 (45%)]	Loss: 0.270916
245 Train Epoch: 3 [27520/60000 (46%)]	Loss: 0.353119
246 Train Epoch: 3 [28160/60000 (47%)]	Loss: 0.334954
247 Train Epoch: 3 [28800/60000 (48%)]	Loss: 0.243799
248 Train Epoch: 3 [29440/60000 (49%)]	Loss: 0.278501
249 Train Epoch: 3 [30080/60000 (50%)]	Loss: 0.315161
250 Train Epoch: 3 [30720/60000 (51%)]	Loss: 0.240774
251 Train Epoch: 3 [31360/60000 (52%)]	Loss: 0.230970
252 Train Epoch: 3 [32000/60000 (53%)]	Loss: 0.356713
253 Train Epoch: 3 [32640/60000 (54%)]	Loss: 0.478625
254 Train Epoch: 3 [33280/60000 (55%)]	Loss: 0.245745
255 Train Epoch: 3 [33920/60000 (57%)]	Loss: 0.302302
256 Train Epoch: 3 [34560/60000 (58%)]	Loss: 0.351982
257 Train Epoch: 3 [35200/60000 (59%)]	Loss: 0.215451
258 Train Epoch: 3 [35840/60000 (60%)]	Loss: 0.211328
259 Train Epoch: 3 [36480/60000 (61%)]	Loss: 0.233057
260 Train Epoch: 3 [37120/60000 (62%)]	Loss: 0.095463
261 Train Epoch: 3 [37760/60000 (63%)]	Loss: 0.294056
262 Train Epoch: 3 [38400/60000 (64%)]	Loss: 0.140370
263 Train Epoch: 3 [39040/60000 (65%)]	Loss: 0.306043
264 Train Epoch: 3 [39680/60000 (66%)]	Loss: 0.192407
265 Train Epoch: 3 [40320/60000 (67%)]	Loss: 0.191487
266 Train Epoch: 3 [40960/60000 (68%)]	Loss: 0.446168
267 Train Epoch: 3 [41600/60000 (69%)]	Loss: 0.320732
268 Train Epoch: 3 [42240/60000 (70%)]	Loss: 0.174194
269 Train Epoch: 3 [42880/60000 (71%)]	Loss: 0.225353
270 Train Epoch: 3 [43520/60000 (72%)]	Loss: 0.585814
271 Train Epoch: 3 [44160/60000 (74%)]	Loss: 0.179843
272 Train Epoch: 3 [44800/60000 (75%)]	Loss: 0.173041
273 Train Epoch: 3 [45440/60000 (76%)]	Loss: 0.303492
274 Train Epoch: 3 [46080/60000 (77%)]	Loss: 0.194665
275 Train Epoch: 3 [46720/60000 (78%)]	Loss: 0.400914
276 Train Epoch: 3 [47360/60000 (79%)]	Loss: 0.271691
277 Train Epoch: 3 [48000/60000 (80%)]	Loss: 0.284466
278 Train Epoch: 3 [48640/60000 (81%)]	Loss: 0.288822
279 Train Epoch: 3 [49280/60000 (82%)]	Loss: 0.240662
280 Train Epoch: 3 [49920/60000 (83%)]	Loss: 0.337157
281 Train Epoch: 3 [50560/60000 (84%)]	Loss: 0.195080
282 Train Epoch: 3 [51200/60000 (85%)]	Loss: 0.286018
283 Train Epoch: 3 [51840/60000 (86%)]	Loss: 0.298688
284 Train Epoch: 3 [52480/60000 (87%)]	Loss: 0.152681
285 Train Epoch: 3 [53120/60000 (88%)]	Loss: 0.182112
286 Train Epoch: 3 [53760/60000 (90%)]	Loss: 0.170798
287 Train Epoch: 3 [54400/60000 (91%)]	Loss: 0.148510
288 Train Epoch: 3 [55040/60000 (92%)]	Loss: 0.260137
289 Train Epoch: 3 [55680/60000 (93%)]	Loss: 0.338770
290 Train Epoch: 3 [56320/60000 (94%)]	Loss: 0.369592
291 Train Epoch: 3 [56960/60000 (95%)]	Loss: 0.492921
292 Train Epoch: 3 [57600/60000 (96%)]	Loss: 0.164553
293 Train Epoch: 3 [58240/60000 (97%)]	Loss: 0.152869
294 Train Epoch: 3 [58880/60000 (98%)]	Loss: 0.253410
295 Train Epoch: 3 [59520/60000 (99%)]	Loss: 0.173265
296 
297 Test set: Avg. loss: 0.1017, Accuracy: 9672/10000 (97%)
298 
299 Train Epoch: 4 [0/60000 (0%)]	Loss: 0.401717
300 Train Epoch: 4 [640/60000 (1%)]	Loss: 0.372226
301 Train Epoch: 4 [1280/60000 (2%)]	Loss: 0.332529
302 Train Epoch: 4 [1920/60000 (3%)]	Loss: 0.219779
303 Train Epoch: 4 [2560/60000 (4%)]	Loss: 0.214707
304 Train Epoch: 4 [3200/60000 (5%)]	Loss: 0.214923
305 Train Epoch: 4 [3840/60000 (6%)]	Loss: 0.308773
306 Train Epoch: 4 [4480/60000 (7%)]	Loss: 0.174588
307 Train Epoch: 4 [5120/60000 (9%)]	Loss: 0.308694
308 Train Epoch: 4 [5760/60000 (10%)]	Loss: 0.321792
309 Train Epoch: 4 [6400/60000 (11%)]	Loss: 0.272073
310 Train Epoch: 4 [7040/60000 (12%)]	Loss: 0.189010
311 Train Epoch: 4 [7680/60000 (13%)]	Loss: 0.491392
312 Train Epoch: 4 [8320/60000 (14%)]	Loss: 0.318719
313 Train Epoch: 4 [8960/60000 (15%)]	Loss: 0.290201
314 Train Epoch: 4 [9600/60000 (16%)]	Loss: 0.378858
315 Train Epoch: 4 [10240/60000 (17%)]	Loss: 0.202425
316 Train Epoch: 4 [10880/60000 (18%)]	Loss: 0.394571
317 Train Epoch: 4 [11520/60000 (19%)]	Loss: 0.350688
318 Train Epoch: 4 [12160/60000 (20%)]	Loss: 0.137092
319 Train Epoch: 4 [12800/60000 (21%)]	Loss: 0.245248
320 Train Epoch: 4 [13440/60000 (22%)]	Loss: 0.137734
321 Train Epoch: 4 [14080/60000 (23%)]	Loss: 0.286894
322 Train Epoch: 4 [14720/60000 (25%)]	Loss: 0.138678
323 Train Epoch: 4 [15360/60000 (26%)]	Loss: 0.464846
324 Train Epoch: 4 [16000/60000 (27%)]	Loss: 0.198142
325 Train Epoch: 4 [16640/60000 (28%)]	Loss: 0.271997
326 Train Epoch: 4 [17280/60000 (29%)]	Loss: 0.247794
327 Train Epoch: 4 [17920/60000 (30%)]	Loss: 0.337293
328 Train Epoch: 4 [18560/60000 (31%)]	Loss: 0.504662
329 Train Epoch: 4 [19200/60000 (32%)]	Loss: 0.428993
330 Train Epoch: 4 [19840/60000 (33%)]	Loss: 0.242885
331 Train Epoch: 4 [20480/60000 (34%)]	Loss: 0.201733
332 Train Epoch: 4 [21120/60000 (35%)]	Loss: 0.263710
333 Train Epoch: 4 [21760/60000 (36%)]	Loss: 0.317878
334 Train Epoch: 4 [22400/60000 (37%)]	Loss: 0.252358
335 Train Epoch: 4 [23040/60000 (38%)]	Loss: 0.404265
336 Train Epoch: 4 [23680/60000 (39%)]	Loss: 0.293526
337 Train Epoch: 4 [24320/60000 (41%)]	Loss: 0.244543
338 Train Epoch: 4 [24960/60000 (42%)]	Loss: 0.232180
339 Train Epoch: 4 [25600/60000 (43%)]	Loss: 0.238697
340 Train Epoch: 4 [26240/60000 (44%)]	Loss: 0.252345
341 Train Epoch: 4 [26880/60000 (45%)]	Loss: 0.266884
342 Train Epoch: 4 [27520/60000 (46%)]	Loss: 0.528192
343 Train Epoch: 4 [28160/60000 (47%)]	Loss: 0.316488
344 Train Epoch: 4 [28800/60000 (48%)]	Loss: 0.355043
345 Train Epoch: 4 [29440/60000 (49%)]	Loss: 0.261919
346 Train Epoch: 4 [30080/60000 (50%)]	Loss: 0.340320
347 Train Epoch: 4 [30720/60000 (51%)]	Loss: 0.196328
348 Train Epoch: 4 [31360/60000 (52%)]	Loss: 0.253969
349 Train Epoch: 4 [32000/60000 (53%)]	Loss: 0.136473
350 Train Epoch: 4 [32640/60000 (54%)]	Loss: 0.069640
351 Train Epoch: 4 [33280/60000 (55%)]	Loss: 0.304057
352 Train Epoch: 4 [33920/60000 (57%)]	Loss: 0.210185
353 Train Epoch: 4 [34560/60000 (58%)]	Loss: 0.351291
354 Train Epoch: 4 [35200/60000 (59%)]	Loss: 0.304129
355 Train Epoch: 4 [35840/60000 (60%)]	Loss: 0.191059
356 Train Epoch: 4 [36480/60000 (61%)]	Loss: 0.166832
357 Train Epoch: 4 [37120/60000 (62%)]	Loss: 0.224242
358 Train Epoch: 4 [37760/60000 (63%)]	Loss: 0.165069
359 Train Epoch: 4 [38400/60000 (64%)]	Loss: 0.302747
360 Train Epoch: 4 [39040/60000 (65%)]	Loss: 0.135863
361 Train Epoch: 4 [39680/60000 (66%)]	Loss: 0.220496
362 Train Epoch: 4 [40320/60000 (67%)]	Loss: 0.252775
363 Train Epoch: 4 [40960/60000 (68%)]	Loss: 0.234933
364 Train Epoch: 4 [41600/60000 (69%)]	Loss: 0.570509
365 Train Epoch: 4 [42240/60000 (70%)]	Loss: 0.182020
366 Train Epoch: 4 [42880/60000 (71%)]	Loss: 0.200881
367 Train Epoch: 4 [43520/60000 (72%)]	Loss: 0.413344
368 Train Epoch: 4 [44160/60000 (74%)]	Loss: 0.353477
369 Train Epoch: 4 [44800/60000 (75%)]	Loss: 0.272764
370 Train Epoch: 4 [45440/60000 (76%)]	Loss: 0.123448
371 Train Epoch: 4 [46080/60000 (77%)]	Loss: 0.201342
372 Train Epoch: 4 [46720/60000 (78%)]	Loss: 0.301995
373 Train Epoch: 4 [47360/60000 (79%)]	Loss: 0.190563
374 Train Epoch: 4 [48000/60000 (80%)]	Loss: 0.182258
375 Train Epoch: 4 [48640/60000 (81%)]	Loss: 0.217218
376 Train Epoch: 4 [49280/60000 (82%)]	Loss: 0.171165
377 Train Epoch: 4 [49920/60000 (83%)]	Loss: 0.260586
378 Train Epoch: 4 [50560/60000 (84%)]	Loss: 0.171954
379 Train Epoch: 4 [51200/60000 (85%)]	Loss: 0.170994
380 Train Epoch: 4 [51840/60000 (86%)]	Loss: 0.283446
381 Train Epoch: 4 [52480/60000 (87%)]	Loss: 0.193090
382 Train Epoch: 4 [53120/60000 (88%)]	Loss: 0.173216
383 Train Epoch: 4 [53760/60000 (90%)]	Loss: 0.255215
384 Train Epoch: 4 [54400/60000 (91%)]	Loss: 0.133684
385 Train Epoch: 4 [55040/60000 (92%)]	Loss: 0.329096
386 Train Epoch: 4 [55680/60000 (93%)]	Loss: 0.140103
387 Train Epoch: 4 [56320/60000 (94%)]	Loss: 0.171347
388 Train Epoch: 4 [56960/60000 (95%)]	Loss: 0.190391
389 Train Epoch: 4 [57600/60000 (96%)]	Loss: 0.162312
390 Train Epoch: 4 [58240/60000 (97%)]	Loss: 0.128528
391 Train Epoch: 4 [58880/60000 (98%)]	Loss: 0.448419
392 Train Epoch: 4 [59520/60000 (99%)]	Loss: 0.204933
393 
394 Test set: Avg. loss: 0.0894, Accuracy: 9712/10000 (97%)
395 
396 Train Epoch: 5 [0/60000 (0%)]	Loss: 0.116167
397 Train Epoch: 5 [640/60000 (1%)]	Loss: 0.310624
398 Train Epoch: 5 [1280/60000 (2%)]	Loss: 0.099947
399 Train Epoch: 5 [1920/60000 (3%)]	Loss: 0.301591
400 Train Epoch: 5 [2560/60000 (4%)]	Loss: 0.117692
401 Train Epoch: 5 [3200/60000 (5%)]	Loss: 0.322891
402 Train Epoch: 5 [3840/60000 (6%)]	Loss: 0.290907
403 Train Epoch: 5 [4480/60000 (7%)]	Loss: 0.244346
404 Train Epoch: 5 [5120/60000 (9%)]	Loss: 0.110288
405 Train Epoch: 5 [5760/60000 (10%)]	Loss: 0.181204
406 Train Epoch: 5 [6400/60000 (11%)]	Loss: 0.211288
407 Train Epoch: 5 [7040/60000 (12%)]	Loss: 0.391095
408 Train Epoch: 5 [7680/60000 (13%)]	Loss: 0.256036
409 Train Epoch: 5 [8320/60000 (14%)]	Loss: 0.293225
410 Train Epoch: 5 [8960/60000 (15%)]	Loss: 0.228586
411 Train Epoch: 5 [9600/60000 (16%)]	Loss: 0.137839
412 Train Epoch: 5 [10240/60000 (17%)]	Loss: 0.219583
413 Train Epoch: 5 [10880/60000 (18%)]	Loss: 0.422404
414 Train Epoch: 5 [11520/60000 (19%)]	Loss: 0.163009
415 Train Epoch: 5 [12160/60000 (20%)]	Loss: 0.174797
416 Train Epoch: 5 [12800/60000 (21%)]	Loss: 0.156031
417 Train Epoch: 5 [13440/60000 (22%)]	Loss: 0.239181
418 Train Epoch: 5 [14080/60000 (23%)]	Loss: 0.186915
419 Train Epoch: 5 [14720/60000 (25%)]	Loss: 0.294116
420 Train Epoch: 5 [15360/60000 (26%)]	Loss: 0.265091
421 Train Epoch: 5 [16000/60000 (27%)]	Loss: 0.177136
422 Train Epoch: 5 [16640/60000 (28%)]	Loss: 0.190022
423 Train Epoch: 5 [17280/60000 (29%)]	Loss: 0.333671
424 Train Epoch: 5 [17920/60000 (30%)]	Loss: 0.267992
425 Train Epoch: 5 [18560/60000 (31%)]	Loss: 0.237852
426 Train Epoch: 5 [19200/60000 (32%)]	Loss: 0.336828
427 Train Epoch: 5 [19840/60000 (33%)]	Loss: 0.098025
428 Train Epoch: 5 [20480/60000 (34%)]	Loss: 0.336756
429 Train Epoch: 5 [21120/60000 (35%)]	Loss: 0.291096
430 Train Epoch: 5 [21760/60000 (36%)]	Loss: 0.243742
431 Train Epoch: 5 [22400/60000 (37%)]	Loss: 0.188218
432 Train Epoch: 5 [23040/60000 (38%)]	Loss: 0.231301
433 Train Epoch: 5 [23680/60000 (39%)]	Loss: 0.306512
434 Train Epoch: 5 [24320/60000 (41%)]	Loss: 0.195121
435 Train Epoch: 5 [24960/60000 (42%)]	Loss: 0.180887
436 Train Epoch: 5 [25600/60000 (43%)]	Loss: 0.093868
437 Train Epoch: 5 [26240/60000 (44%)]	Loss: 0.119655
438 Train Epoch: 5 [26880/60000 (45%)]	Loss: 0.190733
439 Train Epoch: 5 [27520/60000 (46%)]	Loss: 0.079737
440 Train Epoch: 5 [28160/60000 (47%)]	Loss: 0.164364
441 Train Epoch: 5 [28800/60000 (48%)]	Loss: 0.155637
442 Train Epoch: 5 [29440/60000 (49%)]	Loss: 0.163186
443 Train Epoch: 5 [30080/60000 (50%)]	Loss: 0.308109
444 Train Epoch: 5 [30720/60000 (51%)]	Loss: 0.161122
445 Train Epoch: 5 [31360/60000 (52%)]	Loss: 0.146065
446 Train Epoch: 5 [32000/60000 (53%)]	Loss: 0.126266
447 Train Epoch: 5 [32640/60000 (54%)]	Loss: 0.304595
448 Train Epoch: 5 [33280/60000 (55%)]	Loss: 0.081550
449 Train Epoch: 5 [33920/60000 (57%)]	Loss: 0.288578
450 Train Epoch: 5 [34560/60000 (58%)]	Loss: 0.163426
451 Train Epoch: 5 [35200/60000 (59%)]	Loss: 0.339999
452 Train Epoch: 5 [35840/60000 (60%)]	Loss: 0.167519
453 Train Epoch: 5 [36480/60000 (61%)]	Loss: 0.299950
454 Train Epoch: 5 [37120/60000 (62%)]	Loss: 0.242840
455 Train Epoch: 5 [37760/60000 (63%)]	Loss: 0.140491
456 Train Epoch: 5 [38400/60000 (64%)]	Loss: 0.084808
457 Train Epoch: 5 [39040/60000 (65%)]	Loss: 0.076814
458 Train Epoch: 5 [39680/60000 (66%)]	Loss: 0.297979
459 Train Epoch: 5 [40320/60000 (67%)]	Loss: 0.398687
460 Train Epoch: 5 [40960/60000 (68%)]	Loss: 0.180043
461 Train Epoch: 5 [41600/60000 (69%)]	Loss: 0.200584
462 Train Epoch: 5 [42240/60000 (70%)]	Loss: 0.173894
463 Train Epoch: 5 [42880/60000 (71%)]	Loss: 0.407620
464 Train Epoch: 5 [43520/60000 (72%)]	Loss: 0.228505
465 Train Epoch: 5 [44160/60000 (74%)]	Loss: 0.120758
466 Train Epoch: 5 [44800/60000 (75%)]	Loss: 0.167518
467 Train Epoch: 5 [45440/60000 (76%)]	Loss: 0.163415
468 Train Epoch: 5 [46080/60000 (77%)]	Loss: 0.170870
469 Train Epoch: 5 [46720/60000 (78%)]	Loss: 0.305085
470 Train Epoch: 5 [47360/60000 (79%)]	Loss: 0.184389
471 Train Epoch: 5 [48000/60000 (80%)]	Loss: 0.196471
472 Train Epoch: 5 [48640/60000 (81%)]	Loss: 0.135676
473 Train Epoch: 5 [49280/60000 (82%)]	Loss: 0.300449
474 Train Epoch: 5 [49920/60000 (83%)]	Loss: 0.408876
475 Train Epoch: 5 [50560/60000 (84%)]	Loss: 0.149865
476 Train Epoch: 5 [51200/60000 (85%)]	Loss: 0.152569
477 Train Epoch: 5 [51840/60000 (86%)]	Loss: 0.234827
478 Train Epoch: 5 [52480/60000 (87%)]	Loss: 0.210767
479 Train Epoch: 5 [53120/60000 (88%)]	Loss: 0.212639
480 Train Epoch: 5 [53760/60000 (90%)]	Loss: 0.154706
481 Train Epoch: 5 [54400/60000 (91%)]	Loss: 0.386903
482 Train Epoch: 5 [55040/60000 (92%)]	Loss: 0.221673
483 Train Epoch: 5 [55680/60000 (93%)]	Loss: 0.247985
484 Train Epoch: 5 [56320/60000 (94%)]	Loss: 0.269804
485 Train Epoch: 5 [56960/60000 (95%)]	Loss: 0.174973
486 Train Epoch: 5 [57600/60000 (96%)]	Loss: 0.198246
487 Train Epoch: 5 [58240/60000 (97%)]	Loss: 0.214379
488 Train Epoch: 5 [58880/60000 (98%)]	Loss: 0.178432
489 Train Epoch: 5 [59520/60000 (99%)]	Loss: 0.245407
490 
491 Test set: Avg. loss: 0.0732, Accuracy: 9779/10000 (98%)
492 
493 Train Epoch: 6 [0/60000 (0%)]	Loss: 0.312212
494 Train Epoch: 6 [640/60000 (1%)]	Loss: 0.502415
495 Train Epoch: 6 [1280/60000 (2%)]	Loss: 0.242485
496 Train Epoch: 6 [1920/60000 (3%)]	Loss: 0.133482
497 Train Epoch: 6 [2560/60000 (4%)]	Loss: 0.257346
498 Train Epoch: 6 [3200/60000 (5%)]	Loss: 0.210930
499 Train Epoch: 6 [3840/60000 (6%)]	Loss: 0.268514
500 Train Epoch: 6 [4480/60000 (7%)]	Loss: 0.320866
501 Train Epoch: 6 [5120/60000 (9%)]	Loss: 0.203177
502 Train Epoch: 6 [5760/60000 (10%)]	Loss: 0.123789
503 Train Epoch: 6 [6400/60000 (11%)]	Loss: 0.224018
504 Train Epoch: 6 [7040/60000 (12%)]	Loss: 0.121131
505 Train Epoch: 6 [7680/60000 (13%)]	Loss: 0.277842
506 Train Epoch: 6 [8320/60000 (14%)]	Loss: 0.195344
507 Train Epoch: 6 [8960/60000 (15%)]	Loss: 0.242135
508 Train Epoch: 6 [9600/60000 (16%)]	Loss: 0.156108
509 Train Epoch: 6 [10240/60000 (17%)]	Loss: 0.181824
510 Train Epoch: 6 [10880/60000 (18%)]	Loss: 0.189029
511 Train Epoch: 6 [11520/60000 (19%)]	Loss: 0.127432
512 Train Epoch: 6 [12160/60000 (20%)]	Loss: 0.160208
513 Train Epoch: 6 [12800/60000 (21%)]	Loss: 0.245084
514 Train Epoch: 6 [13440/60000 (22%)]	Loss: 0.210868
515 Train Epoch: 6 [14080/60000 (23%)]	Loss: 0.117441
516 Train Epoch: 6 [14720/60000 (25%)]	Loss: 0.326717
517 Train Epoch: 6 [15360/60000 (26%)]	Loss: 0.128638
518 Train Epoch: 6 [16000/60000 (27%)]	Loss: 0.412572
519 Train Epoch: 6 [16640/60000 (28%)]	Loss: 0.133268
520 Train Epoch: 6 [17280/60000 (29%)]	Loss: 0.263071
521 Train Epoch: 6 [17920/60000 (30%)]	Loss: 0.198368
522 Train Epoch: 6 [18560/60000 (31%)]	Loss: 0.261811
523 Train Epoch: 6 [19200/60000 (32%)]	Loss: 0.153266
524 Train Epoch: 6 [19840/60000 (33%)]	Loss: 0.512722
525 Train Epoch: 6 [20480/60000 (34%)]	Loss: 0.116609
526 Train Epoch: 6 [21120/60000 (35%)]	Loss: 0.189301
527 Train Epoch: 6 [21760/60000 (36%)]	Loss: 0.265814
528 Train Epoch: 6 [22400/60000 (37%)]	Loss: 0.237531
529 Train Epoch: 6 [23040/60000 (38%)]	Loss: 0.344652
530 Train Epoch: 6 [23680/60000 (39%)]	Loss: 0.257144
531 Train Epoch: 6 [24320/60000 (41%)]	Loss: 0.175570
532 Train Epoch: 6 [24960/60000 (42%)]	Loss: 0.218160
533 Train Epoch: 6 [25600/60000 (43%)]	Loss: 0.265674
534 Train Epoch: 6 [26240/60000 (44%)]	Loss: 0.177496
535 Train Epoch: 6 [26880/60000 (45%)]	Loss: 0.234033
536 Train Epoch: 6 [27520/60000 (46%)]	Loss: 0.177315
537 Train Epoch: 6 [28160/60000 (47%)]	Loss: 0.194657
538 Train Epoch: 6 [28800/60000 (48%)]	Loss: 0.197053
539 Train Epoch: 6 [29440/60000 (49%)]	Loss: 0.179629
540 Train Epoch: 6 [30080/60000 (50%)]	Loss: 0.117332
541 Train Epoch: 6 [30720/60000 (51%)]	Loss: 0.243122
542 Train Epoch: 6 [31360/60000 (52%)]	Loss: 0.229709
543 Train Epoch: 6 [32000/60000 (53%)]	Loss: 0.187765
544 Train Epoch: 6 [32640/60000 (54%)]	Loss: 0.206407
545 Train Epoch: 6 [33280/60000 (55%)]	Loss: 0.213395
546 Train Epoch: 6 [33920/60000 (57%)]	Loss: 0.107407
547 Train Epoch: 6 [34560/60000 (58%)]	Loss: 0.170349
548 Train Epoch: 6 [35200/60000 (59%)]	Loss: 0.188907
549 Train Epoch: 6 [35840/60000 (60%)]	Loss: 0.134053
550 Train Epoch: 6 [36480/60000 (61%)]	Loss: 0.049781
551 Train Epoch: 6 [37120/60000 (62%)]	Loss: 0.137375
552 Train Epoch: 6 [37760/60000 (63%)]	Loss: 0.277051
553 Train Epoch: 6 [38400/60000 (64%)]	Loss: 0.108359
554 Train Epoch: 6 [39040/60000 (65%)]	Loss: 0.167445
555 Train Epoch: 6 [39680/60000 (66%)]	Loss: 0.205492
556 Train Epoch: 6 [40320/60000 (67%)]	Loss: 0.060989
557 Train Epoch: 6 [40960/60000 (68%)]	Loss: 0.103743
558 Train Epoch: 6 [41600/60000 (69%)]	Loss: 0.175163
559 Train Epoch: 6 [42240/60000 (70%)]	Loss: 0.203588
560 Train Epoch: 6 [42880/60000 (71%)]	Loss: 0.354615
561 Train Epoch: 6 [43520/60000 (72%)]	Loss: 0.278788
562 Train Epoch: 6 [44160/60000 (74%)]	Loss: 0.172936
563 Train Epoch: 6 [44800/60000 (75%)]	Loss: 0.120734
564 Train Epoch: 6 [45440/60000 (76%)]	Loss: 0.224238
565 Train Epoch: 6 [46080/60000 (77%)]	Loss: 0.205033
566 Train Epoch: 6 [46720/60000 (78%)]	Loss: 0.204584
567 Train Epoch: 6 [47360/60000 (79%)]	Loss: 0.291022
568 Train Epoch: 6 [48000/60000 (80%)]	Loss: 0.263923
569 Train Epoch: 6 [48640/60000 (81%)]	Loss: 0.170983
570 Train Epoch: 6 [49280/60000 (82%)]	Loss: 0.223554
571 Train Epoch: 6 [49920/60000 (83%)]	Loss: 0.152714
572 Train Epoch: 6 [50560/60000 (84%)]	Loss: 0.318495
573 Train Epoch: 6 [51200/60000 (85%)]	Loss: 0.102454
574 Train Epoch: 6 [51840/60000 (86%)]	Loss: 0.219603
575 Train Epoch: 6 [52480/60000 (87%)]	Loss: 0.102636
576 Train Epoch: 6 [53120/60000 (88%)]	Loss: 0.164355
577 Train Epoch: 6 [53760/60000 (90%)]	Loss: 0.133040
578 Train Epoch: 6 [54400/60000 (91%)]	Loss: 0.220738
579 Train Epoch: 6 [55040/60000 (92%)]	Loss: 0.236114
580 Train Epoch: 6 [55680/60000 (93%)]	Loss: 0.385753
581 Train Epoch: 6 [56320/60000 (94%)]	Loss: 0.283259
582 Train Epoch: 6 [56960/60000 (95%)]	Loss: 0.170471
583 Train Epoch: 6 [57600/60000 (96%)]	Loss: 0.380868
584 Train Epoch: 6 [58240/60000 (97%)]	Loss: 0.245762
585 Train Epoch: 6 [58880/60000 (98%)]	Loss: 0.176712
586 Train Epoch: 6 [59520/60000 (99%)]	Loss: 0.168684
587 
588 Test set: Avg. loss: 0.0729, Accuracy: 9766/10000 (98%)
589 
590 Train Epoch: 7 [0/60000 (0%)]	Loss: 0.177998
591 Train Epoch: 7 [640/60000 (1%)]	Loss: 0.230400
592 Train Epoch: 7 [1280/60000 (2%)]	Loss: 0.192027
593 Train Epoch: 7 [1920/60000 (3%)]	Loss: 0.227762
594 Train Epoch: 7 [2560/60000 (4%)]	Loss: 0.216337
595 Train Epoch: 7 [3200/60000 (5%)]	Loss: 0.094837
596 Train Epoch: 7 [3840/60000 (6%)]	Loss: 0.164986
597 Train Epoch: 7 [4480/60000 (7%)]	Loss: 0.140433
598 Train Epoch: 7 [5120/60000 (9%)]	Loss: 0.276138
599 Train Epoch: 7 [5760/60000 (10%)]	Loss: 0.268720
600 Train Epoch: 7 [6400/60000 (11%)]	Loss: 0.129643
601 Train Epoch: 7 [7040/60000 (12%)]	Loss: 0.143625
602 Train Epoch: 7 [7680/60000 (13%)]	Loss: 0.198254
603 Train Epoch: 7 [8320/60000 (14%)]	Loss: 0.134475
604 Train Epoch: 7 [8960/60000 (15%)]	Loss: 0.153345
605 Train Epoch: 7 [9600/60000 (16%)]	Loss: 0.225727
606 Train Epoch: 7 [10240/60000 (17%)]	Loss: 0.095523
607 Train Epoch: 7 [10880/60000 (18%)]	Loss: 0.154608
608 Train Epoch: 7 [11520/60000 (19%)]	Loss: 0.385750
609 Train Epoch: 7 [12160/60000 (20%)]	Loss: 0.099857
610 Train Epoch: 7 [12800/60000 (21%)]	Loss: 0.186809
611 Train Epoch: 7 [13440/60000 (22%)]	Loss: 0.308662
612 Train Epoch: 7 [14080/60000 (23%)]	Loss: 0.090162
613 Train Epoch: 7 [14720/60000 (25%)]	Loss: 0.261136
614 Train Epoch: 7 [15360/60000 (26%)]	Loss: 0.166470
615 Train Epoch: 7 [16000/60000 (27%)]	Loss: 0.118164
616 Train Epoch: 7 [16640/60000 (28%)]	Loss: 0.107777
617 Train Epoch: 7 [17280/60000 (29%)]	Loss: 0.075949
618 Train Epoch: 7 [17920/60000 (30%)]	Loss: 0.362487
619 Train Epoch: 7 [18560/60000 (31%)]	Loss: 0.150019
620 Train Epoch: 7 [19200/60000 (32%)]	Loss: 0.174437
621 Train Epoch: 7 [19840/60000 (33%)]	Loss: 0.241684
622 Train Epoch: 7 [20480/60000 (34%)]	Loss: 0.160518
623 Train Epoch: 7 [21120/60000 (35%)]	Loss: 0.113904
624 Train Epoch: 7 [21760/60000 (36%)]	Loss: 0.486346
625 Train Epoch: 7 [22400/60000 (37%)]	Loss: 0.207766
626 Train Epoch: 7 [23040/60000 (38%)]	Loss: 0.227179
627 Train Epoch: 7 [23680/60000 (39%)]	Loss: 0.165391
628 Train Epoch: 7 [24320/60000 (41%)]	Loss: 0.344270
629 Train Epoch: 7 [24960/60000 (42%)]	Loss: 0.167575
630 Train Epoch: 7 [25600/60000 (43%)]	Loss: 0.236628
631 Train Epoch: 7 [26240/60000 (44%)]	Loss: 0.127593
632 Train Epoch: 7 [26880/60000 (45%)]	Loss: 0.258801
633 Train Epoch: 7 [27520/60000 (46%)]	Loss: 0.246997
634 Train Epoch: 7 [28160/60000 (47%)]	Loss: 0.330106
635 Train Epoch: 7 [28800/60000 (48%)]	Loss: 0.118638
636 Train Epoch: 7 [29440/60000 (49%)]	Loss: 0.100880
637 Train Epoch: 7 [30080/60000 (50%)]	Loss: 0.206798
638 Train Epoch: 7 [30720/60000 (51%)]	Loss: 0.177266
639 Train Epoch: 7 [31360/60000 (52%)]	Loss: 0.091023
640 Train Epoch: 7 [32000/60000 (53%)]	Loss: 0.315186
641 Train Epoch: 7 [32640/60000 (54%)]	Loss: 0.258211
642 Train Epoch: 7 [33280/60000 (55%)]	Loss: 0.123548
643 Train Epoch: 7 [33920/60000 (57%)]	Loss: 0.158950
644 Train Epoch: 7 [34560/60000 (58%)]	Loss: 0.341994
645 Train Epoch: 7 [35200/60000 (59%)]	Loss: 0.169019
646 Train Epoch: 7 [35840/60000 (60%)]	Loss: 0.124732
647 Train Epoch: 7 [36480/60000 (61%)]	Loss: 0.316929
648 Train Epoch: 7 [37120/60000 (62%)]	Loss: 0.163888
649 Train Epoch: 7 [37760/60000 (63%)]	Loss: 0.222855
650 Train Epoch: 7 [38400/60000 (64%)]	Loss: 0.125004
651 Train Epoch: 7 [39040/60000 (65%)]	Loss: 0.141479
652 Train Epoch: 7 [39680/60000 (66%)]	Loss: 0.171718
653 Train Epoch: 7 [40320/60000 (67%)]	Loss: 0.440590
654 Train Epoch: 7 [40960/60000 (68%)]	Loss: 0.280209
655 Train Epoch: 7 [41600/60000 (69%)]	Loss: 0.115293
656 Train Epoch: 7 [42240/60000 (70%)]	Loss: 0.105616
657 Train Epoch: 7 [42880/60000 (71%)]	Loss: 0.210294
658 Train Epoch: 7 [43520/60000 (72%)]	Loss: 0.160469
659 Train Epoch: 7 [44160/60000 (74%)]	Loss: 0.071549
660 Train Epoch: 7 [44800/60000 (75%)]	Loss: 0.360683
661 Train Epoch: 7 [45440/60000 (76%)]	Loss: 0.228663
662 Train Epoch: 7 [46080/60000 (77%)]	Loss: 0.134648
663 Train Epoch: 7 [46720/60000 (78%)]	Loss: 0.133408
664 Train Epoch: 7 [47360/60000 (79%)]	Loss: 0.164017
665 Train Epoch: 7 [48000/60000 (80%)]	Loss: 0.134326
666 Train Epoch: 7 [48640/60000 (81%)]	Loss: 0.380175
667 Train Epoch: 7 [49280/60000 (82%)]	Loss: 0.192832
668 Train Epoch: 7 [49920/60000 (83%)]	Loss: 0.346434
669 Train Epoch: 7 [50560/60000 (84%)]	Loss: 0.162099
670 Train Epoch: 7 [51200/60000 (85%)]	Loss: 0.170750
671 Train Epoch: 7 [51840/60000 (86%)]	Loss: 0.142723
672 Train Epoch: 7 [52480/60000 (87%)]	Loss: 0.207791
673 Train Epoch: 7 [53120/60000 (88%)]	Loss: 0.224470
674 Train Epoch: 7 [53760/60000 (90%)]	Loss: 0.165170
675 Train Epoch: 7 [54400/60000 (91%)]	Loss: 0.382594
676 Train Epoch: 7 [55040/60000 (92%)]	Loss: 0.118910
677 Train Epoch: 7 [55680/60000 (93%)]	Loss: 0.108092
678 Train Epoch: 7 [56320/60000 (94%)]	Loss: 0.300093
679 Train Epoch: 7 [56960/60000 (95%)]	Loss: 0.122375
680 Train Epoch: 7 [57600/60000 (96%)]	Loss: 0.557989
681 Train Epoch: 7 [58240/60000 (97%)]	Loss: 0.177020
682 Train Epoch: 7 [58880/60000 (98%)]	Loss: 0.088158
683 Train Epoch: 7 [59520/60000 (99%)]	Loss: 0.138072
684 
685 Test set: Avg. loss: 0.0641, Accuracy: 9804/10000 (98%)
686 
687 Train Epoch: 8 [0/60000 (0%)]	Loss: 0.151322
688 Train Epoch: 8 [640/60000 (1%)]	Loss: 0.060705
689 Train Epoch: 8 [1280/60000 (2%)]	Loss: 0.116192
690 Train Epoch: 8 [1920/60000 (3%)]	Loss: 0.159360
691 Train Epoch: 8 [2560/60000 (4%)]	Loss: 0.275267
692 Train Epoch: 8 [3200/60000 (5%)]	Loss: 0.183620
693 Train Epoch: 8 [3840/60000 (6%)]	Loss: 0.271479
694 Train Epoch: 8 [4480/60000 (7%)]	Loss: 0.247034
695 Train Epoch: 8 [5120/60000 (9%)]	Loss: 0.229919
696 Train Epoch: 8 [5760/60000 (10%)]	Loss: 0.150293
697 Train Epoch: 8 [6400/60000 (11%)]	Loss: 0.319883
698 Train Epoch: 8 [7040/60000 (12%)]	Loss: 0.146732
699 Train Epoch: 8 [7680/60000 (13%)]	Loss: 0.169857
700 Train Epoch: 8 [8320/60000 (14%)]	Loss: 0.277471
701 Train Epoch: 8 [8960/60000 (15%)]	Loss: 0.258000
702 Train Epoch: 8 [9600/60000 (16%)]	Loss: 0.444754
703 Train Epoch: 8 [10240/60000 (17%)]	Loss: 0.385479
704 Train Epoch: 8 [10880/60000 (18%)]	Loss: 0.123918
705 Train Epoch: 8 [11520/60000 (19%)]	Loss: 0.205207
706 Train Epoch: 8 [12160/60000 (20%)]	Loss: 0.095121
707 Train Epoch: 8 [12800/60000 (21%)]	Loss: 0.196297
708 Train Epoch: 8 [13440/60000 (22%)]	Loss: 0.176835
709 Train Epoch: 8 [14080/60000 (23%)]	Loss: 0.246844
710 Train Epoch: 8 [14720/60000 (25%)]	Loss: 0.225665
711 Train Epoch: 8 [15360/60000 (26%)]	Loss: 0.210790
712 Train Epoch: 8 [16000/60000 (27%)]	Loss: 0.220679
713 Train Epoch: 8 [16640/60000 (28%)]	Loss: 0.177576
714 Train Epoch: 8 [17280/60000 (29%)]	Loss: 0.049788
715 Train Epoch: 8 [17920/60000 (30%)]	Loss: 0.248565
716 Train Epoch: 8 [18560/60000 (31%)]	Loss: 0.192846
717 Train Epoch: 8 [19200/60000 (32%)]	Loss: 0.280546
718 Train Epoch: 8 [19840/60000 (33%)]	Loss: 0.140326
719 Train Epoch: 8 [20480/60000 (34%)]	Loss: 0.226780
720 Train Epoch: 8 [21120/60000 (35%)]	Loss: 0.320738
721 Train Epoch: 8 [21760/60000 (36%)]	Loss: 0.119482
722 Train Epoch: 8 [22400/60000 (37%)]	Loss: 0.184374
723 Train Epoch: 8 [23040/60000 (38%)]	Loss: 0.214906
724 Train Epoch: 8 [23680/60000 (39%)]	Loss: 0.345396
725 Train Epoch: 8 [24320/60000 (41%)]	Loss: 0.196670
726 Train Epoch: 8 [24960/60000 (42%)]	Loss: 0.349864
727 Train Epoch: 8 [25600/60000 (43%)]	Loss: 0.197202
728 Train Epoch: 8 [26240/60000 (44%)]	Loss: 0.176165
729 Train Epoch: 8 [26880/60000 (45%)]	Loss: 0.239433
730 Train Epoch: 8 [27520/60000 (46%)]	Loss: 0.561729
731 Train Epoch: 8 [28160/60000 (47%)]	Loss: 0.156678
732 Train Epoch: 8 [28800/60000 (48%)]	Loss: 0.111055
733 Train Epoch: 8 [29440/60000 (49%)]	Loss: 0.113904
734 Train Epoch: 8 [30080/60000 (50%)]	Loss: 0.102444
735 Train Epoch: 8 [30720/60000 (51%)]	Loss: 0.133140
736 Train Epoch: 8 [31360/60000 (52%)]	Loss: 0.143344
737 Train Epoch: 8 [32000/60000 (53%)]	Loss: 0.338922
738 Train Epoch: 8 [32640/60000 (54%)]	Loss: 0.344275
739 Train Epoch: 8 [33280/60000 (55%)]	Loss: 0.300799
740 Train Epoch: 8 [33920/60000 (57%)]	Loss: 0.206854
741 Train Epoch: 8 [34560/60000 (58%)]	Loss: 0.086301
742 Train Epoch: 8 [35200/60000 (59%)]	Loss: 0.075997
743 Train Epoch: 8 [35840/60000 (60%)]	Loss: 0.133450
744 Train Epoch: 8 [36480/60000 (61%)]	Loss: 0.059113
745 Train Epoch: 8 [37120/60000 (62%)]	Loss: 0.143515
746 Train Epoch: 8 [37760/60000 (63%)]	Loss: 0.250121
747 Train Epoch: 8 [38400/60000 (64%)]	Loss: 0.095901
748 Train Epoch: 8 [39040/60000 (65%)]	Loss: 0.257712
749 Train Epoch: 8 [39680/60000 (66%)]	Loss: 0.078542
750 Train Epoch: 8 [40320/60000 (67%)]	Loss: 0.194486
751 Train Epoch: 8 [40960/60000 (68%)]	Loss: 0.371026
752 Train Epoch: 8 [41600/60000 (69%)]	Loss: 0.197820
753 Train Epoch: 8 [42240/60000 (70%)]	Loss: 0.110417
754 Train Epoch: 8 [42880/60000 (71%)]	Loss: 0.399299
755 Train Epoch: 8 [43520/60000 (72%)]	Loss: 0.098016
756 Train Epoch: 8 [44160/60000 (74%)]	Loss: 0.226562
757 Train Epoch: 8 [44800/60000 (75%)]	Loss: 0.132521
758 Train Epoch: 8 [45440/60000 (76%)]	Loss: 0.164787
759 Train Epoch: 8 [46080/60000 (77%)]	Loss: 0.114288
760 Train Epoch: 8 [46720/60000 (78%)]	Loss: 0.157868
761 Train Epoch: 8 [47360/60000 (79%)]	Loss: 0.209210
762 Train Epoch: 8 [48000/60000 (80%)]	Loss: 0.191927
763 Train Epoch: 8 [48640/60000 (81%)]	Loss: 0.184797
764 Train Epoch: 8 [49280/60000 (82%)]	Loss: 0.169711
765 Train Epoch: 8 [49920/60000 (83%)]	Loss: 0.159805
766 Train Epoch: 8 [50560/60000 (84%)]	Loss: 0.147274
767 Train Epoch: 8 [51200/60000 (85%)]	Loss: 0.145278
768 Train Epoch: 8 [51840/60000 (86%)]	Loss: 0.279672
769 Train Epoch: 8 [52480/60000 (87%)]	Loss: 0.230730
770 Train Epoch: 8 [53120/60000 (88%)]	Loss: 0.067768
771 Train Epoch: 8 [53760/60000 (90%)]	Loss: 0.136787
772 Train Epoch: 8 [54400/60000 (91%)]	Loss: 0.083245
773 Train Epoch: 8 [55040/60000 (92%)]	Loss: 0.075466
774 Train Epoch: 8 [55680/60000 (93%)]	Loss: 0.136214
775 Train Epoch: 8 [56320/60000 (94%)]	Loss: 0.097466
776 Train Epoch: 8 [56960/60000 (95%)]	Loss: 0.117143
777 Train Epoch: 8 [57600/60000 (96%)]	Loss: 0.211386
778 Train Epoch: 8 [58240/60000 (97%)]	Loss: 0.219398
779 Train Epoch: 8 [58880/60000 (98%)]	Loss: 0.183716
780 Train Epoch: 8 [59520/60000 (99%)]	Loss: 0.108190
781 
782 Test set: Avg. loss: 0.0614, Accuracy: 9819/10000 (98%)
783 
784 [SwanLab-INFO]:        The current experiment handwriting_recognition_Feb27_22-56-59 has been completed, SwanLab will close it automatically
